Arguments: 
  C:\Program Files\nodejs\node.exe C:\Program Files (x86)\Yarn\bin\yarn.js add app2.css

PATH: 
  C:\Program Files (x86)\Common Files\Oracle\Java\javapath;C:\Users\111\AppData\Local\Temp\baiduyunguanjia\onlinedit\cache\cc6b1cd047666dfaba43d46df3efefe5\MinGW64.zip\MinGW64\bin;C:\WINDOWS\system32;C:\WINDOWS;C:\WINDOWS\System32\Wbem;C:\WINDOWS\System32\WindowsPowerShell\v1.0\;C:\WINDOWS\System32\OpenSSH\;D:\xiazai\PHPTutorial\MySQL\bin;C:\Program Files\Git\cmd;D:\xampp\php;C:\ProgramData\ComposerSetup\bin;C:\Program Files\nodejs\;C:\Program Files (x86)\Yarn\bin\;D:\桌面\File\workspace-node\node-server;C:\Users\111\AppData\Local\Programs\Python\Python37\Scripts\;C:\Users\111\AppData\Local\Programs\Python\Python37\;C:\Users\111\AppData\Local\Microsoft\WindowsApps;C:\Users\111\AppData\Local\GitHubDesktop\bin;C:\Users\111\AppData\Roaming\Composer\vendor\bin;D:\xampp\phpMyAdmin\vendor\bin;C:\Users\111\AppData\Roaming\npm;D:\桌面\WebStorm 2019.3.1\bin;;D:\桌面\Microsoft VS Code\bin;D:\java\jdk-13\bin;C:\Users\111\AppData\Local\Microsoft\WindowsApps;C:\Users\111\AppData\Local\Yarn\bin;D:\桌面\File\workspace-node\node-server;

Yarn version: 
  1.22.4

Node version: 
  12.13.1

Platform: 
  win32 x64

Trace: 
  Error: https://registry.npm.taobao.org/app2.css: Not found
      at Request.params.callback [as _callback] (C:\Program Files (x86)\Yarn\lib\cli.js:66096:18)
      at Request.self.callback (C:\Program Files (x86)\Yarn\lib\cli.js:140748:22)
      at Request.emit (events.js:210:5)
      at Request.<anonymous> (C:\Program Files (x86)\Yarn\lib\cli.js:141720:10)
      at Request.emit (events.js:210:5)
      at IncomingMessage.<anonymous> (C:\Program Files (x86)\Yarn\lib\cli.js:141642:12)
      at Object.onceWrapper (events.js:299:28)
      at IncomingMessage.emit (events.js:215:7)
      at endReadableNT (_stream_readable.js:1184:12)
      at processTicksAndRejections (internal/process/task_queues.js:80:21)

npm manifest: 
  {
    "name": "MVC",
    "version": "1.0.0",
    "main": "index.js",
    "license": "MIT",
    "dependencies": {
      "jquery": "^3.5.1"
    }
  }

yarn manifest: 
  No manifest

Lockfile: 
  # THIS IS AN AUTOGENERATED FILE. DO NOT EDIT THIS FILE DIRECTLY.
  # yarn lockfile v1
  
  
  jquery@^3.5.1:
    version "3.5.1"
    resolved "https://registry.npm.taobao.org/jquery/download/jquery-3.5.1.tgz#d7b4d08e1bfdb86ad2f1a3d039ea17304717abb5"
    integrity sha1-17TQjhv9uGrS8aPQOeoXMEcXq7U=
